<?xml version="1.0" encoding="UTF-8"?>
<!-- Generated by org.testng.reporters.JUnitXMLReporter -->
<testsuite ignored="0" hostname="DESKTOP-6RBQBK2" failures="0" tests="3" name="Default test" time="16.968" errors="0" timestamp="2022-01-03T23:47:34 IST">
  <testcase classname="HomeAutomation.LoginTC" name="signIn" time="6.023"/>
  <testcase classname="HomeAutomation.LoginTC" name="signIn" time="3.75"/>
  <testcase classname="HomeAutomation.LoginTC" name="signIn" time="3.817"/>
</testsuite> <!-- Default test -->
