<?xml version="1.0" encoding="UTF-8"?>
<!-- Generated by org.testng.reporters.JUnitXMLReporter -->
<testsuite ignored="0" hostname="DESKTOP-6RBQBK2" failures="0" tests="3" name="LoginPage Test" time="11.927" errors="0" timestamp="2022-01-03T23:18:33 IST">
  <testcase classname="HomeAutomation.LoginTC" name="signIn" time="4.426"/>
  <testcase classname="HomeAutomation.LoginTC" name="signIn" time="2.017"/>
  <testcase classname="HomeAutomation.LoginTC" name="signIn" time="1.649"/>
</testsuite> <!-- LoginPage Test -->
