<?xml version="1.0" encoding="UTF-8"?>
<!-- Generated by org.testng.reporters.JUnitXMLReporter -->
<testsuite ignored="0" hostname="DESKTOP-6RBQBK2" failures="0" tests="5" name="Test" time="19.79" errors="0" timestamp="2022-01-03T21:49:26 IST">
  <testcase classname="HomeAutomation.HomePageTC" name="openUrl" time="3.532"/>
  <testcase classname="HomeAutomation.LandingPageTC" name="clickLogin" time="0.073"/>
  <testcase classname="HomeAutomation.LoginTC" name="signIn" time="3.739"/>
  <testcase classname="HomeAutomation.LoginTC" name="signIn" time="1.374"/>
  <testcase classname="HomeAutomation.LoginTC" name="signIn" time="1.327"/>
</testsuite> <!-- Test -->
