<?xml version="1.0" encoding="UTF-8"?>
<!-- Generated by org.testng.reporters.JUnitXMLReporter -->
<testsuite ignored="0" hostname="DESKTOP-6RBQBK2" failures="0" tests="3" name="Login" time="7.913" errors="0" timestamp="2022-01-03T22:03:27 IST">
  <testcase classname="HomeAutomation.LoginTC" name="signIn" time="3.113"/>
  <testcase classname="HomeAutomation.LoginTC" name="signIn" time="1.603"/>
  <testcase classname="HomeAutomation.LoginTC" name="signIn" time="1.133"/>
</testsuite> <!-- Login -->
