<?xml version="1.0" encoding="UTF-8"?>
<!-- Generated by org.testng.reporters.JUnitXMLReporter -->
<testsuite ignored="0" hostname="DESKTOP-6RBQBK2" failures="0" tests="3" name="LoginPage Test" time="19.367" errors="0" timestamp="2022-01-04T00:38:01 IST">
  <testcase classname="HomeAutomation.LoginTC" name="signIn" time="6.867"/>
  <testcase classname="HomeAutomation.LoginTC" name="signIn" time="4.531"/>
  <testcase classname="HomeAutomation.LoginTC" name="signIn" time="4.099"/>
</testsuite> <!-- LoginPage Test -->
