<?xml version="1.0" encoding="UTF-8"?>
<!-- Generated by org.testng.reporters.JUnitXMLReporter -->
<testsuite ignored="0" hostname="DESKTOP-6RBQBK2" failures="0" tests="5" name="Test" time="16.764" errors="0" timestamp="2022-01-03T21:58:17 IST">
  <testcase classname="HomeAutomation.HomePageTC" name="openUrl" time="2.162"/>
  <testcase classname="HomeAutomation.LandingPageTC" name="clickLogin" time="0.07"/>
  <testcase classname="HomeAutomation.LoginTC" name="signIn" time="2.982"/>
  <testcase classname="HomeAutomation.LoginTC" name="signIn" time="1.323"/>
  <testcase classname="HomeAutomation.LoginTC" name="signIn" time="1.393"/>
</testsuite> <!-- Test -->
